Arguments: 
  C:\laragon\bin\nodejs\node-v18\node.exe C:\laragon\bin\yarn\bin\yarn.js -web

PATH: 
  C:\cmder\vendor\conemu-maximus5\ConEmu\Scripts;C:\cmder\vendor\conemu-maximus5;C:\cmder\vendor\conemu-maximus5\ConEmu;C:\WINDOWS\system32;C:\WINDOWS;C:\WINDOWS\System32\Wbem;C:\WINDOWS\System32\WindowsPowerShell\v1.0\;C:\WINDOWS\System32\OpenSSH\;C:\Program Files\Git\cmd;C:\laragon\bin;C:\laragon\bin\apache\httpd-2.4.54-win64-VS16\bin;C:\laragon\bin\composer;C:\laragon\bin\git\bin;C:\laragon\bin\git\cmd;C:\laragon\bin\git\mingw64\bin;C:\laragon\bin\git\usr\bin;C:\laragon\bin\laragon\utils;C:\laragon\bin\mysql\mysql-8.0.30-winx64\bin;C:\laragon\bin\nginx\nginx-1.22.0;C:\laragon\bin\ngrok;C:\laragon\bin\nodejs\node-v18;C:\laragon\bin\notepad++;C:\laragon\bin\php\php-8.1.10-Win32-vs16-x64;C:\laragon\bin\python\python-3.10;C:\laragon\bin\python\python-3.10\Scripts;C:\laragon\bin\redis\redis-x64-5.0.14.1;C:\laragon\bin\telnet;C:\laragon\bin\yarn\bin;C:\laragon\usr\bin;C:\Users\8285\AppData\Local\Yarn\config\global\node_modules\.bin;C:\Users\8285\AppData\Roaming\Composer\vendor\bin;C:\Users\8285\AppData\Roaming\npm;C:\Users\8285\AppData\Local\Microsoft\WindowsApps;C:\Users\8285\AppData\Local\Programs\Microsoft VS Code\bin;C:\Program Files\Git\mingw64\bin;C:\Program Files\Git\usr\bin;C:\cmder\vendor\bin;C:\cmder

Yarn version: 
  1.22.19

Node version: 
  18.14.0

Platform: 
  win32 x64

Trace: 
  Error: getaddrinfo EAI_AGAIN registry.yarnpkg.com
      at GetAddrInfoReqWrap.onlookup [as oncomplete] (node:dns:107:26)

npm manifest: 
  {
    "name": "my-app",
    "version": "1.0.0",
    "main": "node_modules/expo/AppEntry.js",
    "scripts": {
      "start": "expo start",
      "android": "expo start --android",
      "ios": "expo start --ios",
      "web": "expo start --web"
    },
    "dependencies": {
      "@expo/webpack-config": "^18.0.1",
      "@react-navigation/native": "^6.1.6",
      "@react-navigation/native-stack": "^6.9.12",
      "expo": "~48.0.4",
      "expo-status-bar": "~1.4.4",
      "react": "18.2.0",
      "react-dom": "18.2.0",
      "react-native": "0.71.3",
      "react-native-web": "~0.18.10",
      "react-native-screens": "~3.20.0",
      "react-native-safe-area-context": "4.5.0"
    },
    "devDependencies": {
      "@babel/core": "^7.20.0"
    },
    "private": true
  }

yarn manifest: 
  No manifest

Lockfile: 
  No lockfile
